myfs_getattr(path="/.Trash")
myfs_getattr(path="/.Trash-1000")
myfs_getattr(path="/.xdg-volume-info")
myfs_getattr(path="/autorun.inf")
myfs_getattr(path="/")
myfs_readdir(path="/")
myfs_getattr(path="/")
myfs_readdir(path="/")
myfs_getattr(path="/")
myfs_readdir(path="/")
myfs_getattr(path="/")
myfs_readdir(path="/")
myfs_getattr(path="/")
myfs_readdir(path="/")
myfs_getattr(path="/")
myfs_readdir(path="/")
myfs_getattr(path="/")
myfs_readdir(path="/")
myfs_getattr(path="/")
myfs_readdir(path="/")
myfs_getattr(path="/")
myfs_readdir(path="/")
myfs_getattr(path="/")
myfs_readdir(path="/")
myfs_getattr(path="/")
myfs_readdir(path="/")
myfs_getattr(path="/")
myfs_readdir(path="/")
myfs_getattr(path="/")
myfs_readdir(path="/")
myfs_getattr(path="/")
myfs_readdir(path="/")
myfs_getattr(path="/")
myfs_readdir(path="/")
myfs_getattr(path="/")
myfs_readdir(path="/")
myfs_getattr(path="/")
myfs_readdir(path="/")
myfs_getattr(path="/")
myfs_readdir(path="/")
myfs_getattr(path="/")
myfs_readdir(path="/")
myfs_getattr(path="/")
myfs_readdir(path="/")
myfs_getattr(path="/")
myfs_readdir(path="/")
myfs_getattr(path="/")
myfs_readdir(path="/")
myfs_getattr(path="/")
myfs_readdir(path="/")
myfs_getattr(path="/autorun.inf")
myfs_getattr(path="/")
myfs_getattr(path="/")
myfs_readdir(path="/")
myfs_getattr(path="/huan")
myfs_mkdir(path="/huan", mode=0755)
myfs_getattr(path="/huan")
myfs_getattr(path="/")
myfs_readdir(path="/")
myfs_getattr(path="/huan")
myfs_getattr(path="/")
